0.005  0
0.015  0
0.025  0
0.035  0
0.045  0
0.055  0
0.065  0
0.075  0
0.085  0
0.095  0
0.105  0
0.115  0
0.125  0
0.135  0
0.145  0
0.155  0
0.165  0
0.175  0
0.185  0
0.195  0
0.205  0
0.215  0
0.225  0
0.235  0
0.245  0
0.255  0
0.265  0
0.275  0
0.285  0
0.295  0
0.305  0
0.315  0
0.325  0
0.335  0
0.345  0
0.355  0
0.365  0
0.375  0
0.385  0
0.395  0
0.405  0
0.415  0
0.425  0
0.435  0
0.445  0
0.455  0
0.465  0
0.475  0
0.485  0
0.495  0
0.505  0
0.515  0
0.525  0
0.535  0
0.545  0
0.555  0
0.565  0
0.575  0
0.585  0
0.595  0
0.605  0
0.615  0
0.625  0
0.635  0
0.645  0
0.655  0
0.665  0
0.675  0
0.685  0
0.695  0
0.705  0
0.715  0
0.725  0
0.735  0
0.745  0
0.755  0
0.765  0
0.775  0
0.785  0
0.795  0
0.805  0
0.815  0
0.825  0
0.835  0
0.845  0
0.855  0
0.865  0
0.875  0
0.885  0
0.895  0.00100942
0.905  0.00296208
0.915  0.0202863
0.925  0.0264698
0.935  0.0721768
0.945  0.154014
0.955  0.276803
0.965  0.437972
0.975  0.729605
0.985  0.994409
0.995  1.28941
1.005  1.61187
1.015  1.98593
1.025  2.31826
1.035  2.5725
1.045  2.74177
1.055  2.96899
1.065  3.13585
1.075  3.22666
1.085  3.22622
1.095  3.26108
1.105  3.22051
1.115  3.18672
1.125  3.0025
1.135  2.90161
1.145  2.70175
1.155  2.64322
1.165  2.54328
1.175  2.27487
1.185  2.19869
1.195  2.04693
1.205  1.89931
1.215  1.74525
1.225  1.61971
1.235  1.48734
1.245  1.33962
1.255  1.22882
1.265  1.11678
1.275  1.06796
1.285  0.90996
1.295  0.867954
1.305  0.765657
1.315  0.722659
1.325  0.651743
1.335  0.596972
1.345  0.552719
1.355  0.502182
1.365  0.455671
1.375  0.439646
1.385  0.426995
1.395  0.397556
1.405  0.356979
1.415  0.375082
1.425  0.375052
1.435  0.361187
1.445  0.385389
1.455  0.402759
1.465  0.396541
1.475  0.427035
1.485  0.419849
1.495  0.424082
1.505  0.478728
1.515  0.479174
1.525  0.512399
1.535  0.488184
1.545  0.548269
1.555  0.539246
1.565  0.556946
1.575  0.617716
1.585  0.586361
1.595  0.571389
1.605  0.597749
1.615  0.612513
1.625  0.582863
1.635  0.608912
1.645  0.617171
1.655  0.619549
1.665  0.595734
1.675  0.590691
1.685  0.625804
1.695  0.606015
1.705  0.584128
1.715  0.595596
1.725  0.618236
1.735  0.641937
1.745  0.65331
1.755  0.689461
1.765  0.701266
1.775  0.75715
1.785  0.783419
1.795  0.812845
1.805  0.863786
1.815  0.934791
1.825  1.02422
1.835  1.07301
1.845  1.15533
1.855  1.22849
1.865  1.28226
1.875  1.35055
1.885  1.41504
1.895  1.48829
1.905  1.51622
1.915  1.54239
1.925  1.5754
1.935  1.61221
1.945  1.60819
1.955  1.62651
1.965  1.63659
1.975  1.66181
1.985  1.63235
1.995  1.55576
2.005  1.58262
2.015  1.52411
2.025  1.5258
2.035  1.4759
2.045  1.39325
2.055  1.38284
2.065  1.34585
2.075  1.24865
2.085  1.2371
2.095  1.17269
2.105  1.16528
2.115  1.09045
2.125  1.07844
2.135  1.07784
2.145  1.02893
2.155  0.977712
2.165  0.954657
2.175  0.948844
2.185  0.936107
2.195  0.922548
2.205  0.890446
2.215  0.880451
2.225  0.887535
2.235  0.85991
2.245  0.887493
2.255  0.845078
2.265  0.853834
2.275  0.836294
2.285  0.837738
2.295  0.829387
2.305  0.81548
2.315  0.813326
2.325  0.809071
2.335  0.820985
2.345  0.813273
2.355  0.823865
2.365  0.851863
2.375  0.855401
2.385  0.845968
2.395  0.855257
2.405  0.875063
2.415  0.885716
2.425  0.903227
2.435  0.920834
2.445  0.940576
2.455  0.932269
2.465  0.957704
2.475  0.964354
2.485  0.973372
2.495  0.986663
2.505  0.986474
2.515  0.984325
2.525  1.00543
2.535  0.985488
2.545  1.02279
2.555  0.987242
2.565  1.0078
2.575  1.01044
2.585  0.97974
2.595  0.956252
2.605  0.936096
2.615  0.907642
2.625  0.904654
2.635  0.894412
2.645  0.869627
2.655  0.858479
2.665  0.828433
2.675  0.822604
2.685  0.782601
2.695  0.775805
2.705  0.77421
2.715  0.751066
2.725  0.741953
2.735  0.750923
2.745  0.753581
2.755  0.746735
2.765  0.737197
2.775  0.753697
2.785  0.774354
2.795  0.800328
2.805  0.803755
2.815  0.830554
2.825  0.869207
2.835  0.89726
2.845  0.940601
2.855  0.978218
2.865  0.992457
2.875  1.05005
2.885  1.09575
2.895  1.11193
2.905  1.18049
2.915  1.2266
2.925  1.25005
2.935  1.28261
2.945  1.32316
2.955  1.35819
2.965  1.36816
2.975  1.37243
2.985  1.4239
2.995  1.39771
3.005  1.39503
3.015  1.40723
3.025  1.41345
3.035  1.40851
3.045  1.3759
3.055  1.33654
3.065  1.31761
3.075  1.27588
3.085  1.26344
3.095  1.21625
3.105  1.18308
3.115  1.14687
3.125  1.11059
3.135  1.07998
3.145  1.01528
3.155  0.996668
3.165  0.956378
3.175  0.920699
3.185  0.906177
3.195  0.882158
3.205  0.845485
3.215  0.824864
3.225  0.818197
3.235  0.803263
3.245  0.800185
3.255  0.805439
3.265  0.803579
3.275  0.82065
3.285  0.819824
3.295  0.820494
3.305  0.822111
3.315  0.836304
3.325  0.846774
3.335  0.872787
3.345  0.889223
3.355  0.892267
3.365  0.913185
3.375  0.934128
3.385  0.954167
3.395  0.967164
3.405  0.989908
3.415  0.991258
3.425  0.997718
3.435  1.00478
3.445  1.01627
3.455  1.00262
3.465  1.01315
3.475  1.02522
3.485  1.01103
3.495  1.02128
3.505  1.01773
3.515  1.01413
3.525  0.992909
3.535  1.00016
3.545  0.991744
3.555  0.977858
3.565  0.975724
3.575  0.973534
3.585  0.959046
3.595  0.94546
3.605  0.931634
3.615  0.922064
3.625  0.920093
3.635  0.917699
3.645  0.916359
3.655  0.904522
3.665  0.891344
3.675  0.890672
3.685  0.894138
3.695  0.874738
3.705  0.879593
3.715  0.869671
3.725  0.878707
3.735  0.883543
3.745  0.870813
3.755  0.88186
3.765  0.8746
3.775  0.868147
3.785  0.876892
3.795  0.895498
3.805  0.886185
3.815  0.891357
3.825  0.908614
3.835  0.919524
3.845  0.941508
3.855  0.938062
3.865  0.965704
3.875  0.958017
3.885  0.979898
3.895  1.0038
3.905  1.00386
3.915  1.03131
3.925  1.05169
3.935  1.07607
3.945  1.09924
3.955  1.10532
3.965  1.11527
3.975  1.15489
3.985  1.17956
3.995  1.19442
4.005  1.2324
4.015  1.24272
4.025  1.25021
